  Objective.cpp
  Shader.cpp
  Source.cpp
E:\NewEngine\NewEngine\TestFunctions.h(2,10): warning C4067: unexpected tokens following preprocessor directive - expected a newline
E:\NewEngine\NewEngine\Source.cpp(175,34): warning C4305: 'argument': truncation from 'double' to 'GLfloat'
E:\NewEngine\NewEngine\Source.cpp(201,16): warning C4244: '=': conversion from 'int' to 'float', possible loss of data
E:\NewEngine\NewEngine\Source.cpp(202,17): warning C4244: '=': conversion from 'int' to 'float', possible loss of data
E:\NewEngine\NewEngine\Source.cpp(133,15): warning C4101: 'EBO': unreferenced local variable
E:\NewEngine\NewEngine\Source.cpp(136,15): warning C4101: 'shaderProgram': unreferenced local variable
E:\NewEngine\NewEngine\Source.cpp(135,15): warning C4101: 'fragmentShader': unreferenced local variable
E:\NewEngine\NewEngine\Source.cpp(128,16): warning C4101: 'tests': unreferenced local variable
E:\NewEngine\NewEngine\Source.cpp(132,15): warning C4101: 'lightVAO': unreferenced local variable
E:\NewEngine\NewEngine\Source.cpp(130,15): warning C4101: 'VBO': unreferenced local variable
E:\NewEngine\NewEngine\Source.cpp(131,15): warning C4101: 'VAO': unreferenced local variable
E:\NewEngine\NewEngine\Source.cpp(134,15): warning C4101: 'vertexShader': unreferenced local variable
E:\NewEngine\NewEngine\Source.cpp(336,27): warning C4244: 'initializing': conversion from 'double' to 'float', possible loss of data
E:\NewEngine\NewEngine\Source.cpp(358,22): warning C4244: '=': conversion from 'double' to 'float', possible loss of data
E:\NewEngine\NewEngine\Source.cpp(360,14): warning C4244: '+=': conversion from 'double' to 'float', possible loss of data
E:\NewEngine\NewEngine\Source.cpp(367,22): warning C4244: '=': conversion from 'double' to 'float', possible loss of data
E:\NewEngine\NewEngine\Source.cpp(369,14): warning C4244: '-=': conversion from 'double' to 'float', possible loss of data
E:\NewEngine\NewEngine\Source.cpp(415,18): warning C4244: '+=': conversion from 'double' to 'float', possible loss of data
E:\NewEngine\NewEngine\Source.cpp(423,14): warning C4244: '-=': conversion from 'double' to 'float', possible loss of data
E:\NewEngine\NewEngine\Source.cpp(468,11): warning C4244: '=': conversion from 'double' to 'float', possible loss of data
E:\NewEngine\NewEngine\Source.cpp(469,11): warning C4244: '=': conversion from 'double' to 'float', possible loss of data
E:\NewEngine\NewEngine\Source.cpp(472,16): warning C4244: 'initializing': conversion from 'double' to 'float', possible loss of data
E:\NewEngine\NewEngine\Source.cpp(473,16): warning C4244: 'initializing': conversion from 'double' to 'float', possible loss of data
E:\NewEngine\NewEngine\Source.cpp(474,10): warning C4244: '=': conversion from 'double' to 'float', possible loss of data
E:\NewEngine\NewEngine\Source.cpp(475,10): warning C4244: '=': conversion from 'double' to 'float', possible loss of data
  Generating Code...
  NewEngine.vcxproj -> E:\NewEngine\x64\Debug\NewEngine.exe
