C:\Program Files\Microsoft Visual Studio\2022\Community\MSBuild\Microsoft\VC\v170\Microsoft.CppBuild.targets(531,5): warning MSB8028: The intermediate directory (x64\Release\) contains files shared from another project (PA9.vcxproj).  This can lead to incorrect clean and rebuild behavior.
  glad.c
  GUI.cpp
  imgui.cpp
  imgui_demo.cpp
  imgui_draw.cpp
  imgui_impl_glfw.cpp
  imgui_impl_opengl3.cpp
  imgui_tables.cpp
  imgui_widgets.cpp
  Mesh.cpp
C:\GameDevStuff\NewEngine\NewEngine\Mesh.cpp(64,46): warning C4267: 'argument': conversion from 'size_t' to 'GLsizei', possible loss of data
  Model.cpp
  Monster.cpp
C:\GameDevStuff\NewEngine\NewEngine\Monster.cpp(50,25): warning C4305: 'initializing': truncation from 'double' to 'float'
C:\GameDevStuff\NewEngine\NewEngine\Monster.cpp(62,20): warning C4244: '=': conversion from 'double' to 'float', possible loss of data
  Object.cpp
  Objective.cpp
C:\GameDevStuff\NewEngine\NewEngine\Objective.cpp(22,19): warning C4305: '+=': truncation from 'double' to 'float'
C:\GameDevStuff\NewEngine\NewEngine\Objective.cpp(32,80): warning C4244: 'argument': conversion from 'double' to 'T', possible loss of data
C:\GameDevStuff\NewEngine\NewEngine\Objective.cpp(32,80): warning C4244:         with
C:\GameDevStuff\NewEngine\NewEngine\Objective.cpp(32,80): warning C4244:         [
C:\GameDevStuff\NewEngine\NewEngine\Objective.cpp(32,80): warning C4244:             T=float
C:\GameDevStuff\NewEngine\NewEngine\Objective.cpp(32,80): warning C4244:         ]
  Shader.cpp
  Main.cpp
C:\GameDevStuff\NewEngine\NewEngine\TestFunctions.h(2,10): warning C4067: unexpected tokens following preprocessor directive - expected a newline
C:\GameDevStuff\NewEngine\NewEngine\Main.cpp(63,27): warning C4305: 'argument': truncation from 'double' to 'GLfloat'
C:\GameDevStuff\NewEngine\NewEngine\Main.cpp(63,15): warning C4305: 'argument': truncation from 'double' to 'GLfloat'
C:\GameDevStuff\NewEngine\NewEngine\Main.cpp(89,16): warning C4244: '=': conversion from 'int' to 'float', possible loss of data
C:\GameDevStuff\NewEngine\NewEngine\Main.cpp(90,17): warning C4244: '=': conversion from 'int' to 'float', possible loss of data
C:\GameDevStuff\NewEngine\NewEngine\Main.cpp(208,56): warning C4244: 'argument': conversion from 'double' to 'float', possible loss of data
C:\GameDevStuff\NewEngine\NewEngine\Main.cpp(14,15): warning C4101: 'EBO': unreferenced local variable
C:\GameDevStuff\NewEngine\NewEngine\Main.cpp(17,15): warning C4101: 'shaderProgram': unreferenced local variable
C:\GameDevStuff\NewEngine\NewEngine\Main.cpp(16,15): warning C4101: 'fragmentShader': unreferenced local variable
C:\GameDevStuff\NewEngine\NewEngine\Main.cpp(9,16): warning C4101: 'tests': unreferenced local variable
C:\GameDevStuff\NewEngine\NewEngine\Main.cpp(13,15): warning C4101: 'lightVAO': unreferenced local variable
C:\GameDevStuff\NewEngine\NewEngine\Main.cpp(11,15): warning C4101: 'VBO': unreferenced local variable
C:\GameDevStuff\NewEngine\NewEngine\Main.cpp(12,15): warning C4101: 'VAO': unreferenced local variable
C:\GameDevStuff\NewEngine\NewEngine\Main.cpp(15,15): warning C4101: 'vertexShader': unreferenced local variable
C:\GameDevStuff\NewEngine\NewEngine\Main.cpp(264,27): warning C4244: 'initializing': conversion from 'double' to 'float', possible loss of data
C:\GameDevStuff\NewEngine\NewEngine\Main.cpp(297,22): warning C4244: '=': conversion from 'double' to 'float', possible loss of data
C:\GameDevStuff\NewEngine\NewEngine\Main.cpp(299,14): warning C4244: '+=': conversion from 'double' to 'float', possible loss of data
C:\GameDevStuff\NewEngine\NewEngine\Main.cpp(306,22): warning C4244: '=': conversion from 'double' to 'float', possible loss of data
C:\GameDevStuff\NewEngine\NewEngine\Main.cpp(308,14): warning C4244: '-=': conversion from 'double' to 'float', possible loss of data
C:\GameDevStuff\NewEngine\NewEngine\Main.cpp(346,18): warning C4244: '+=': conversion from 'double' to 'float', possible loss of data
C:\GameDevStuff\NewEngine\NewEngine\Main.cpp(354,14): warning C4244: '-=': conversion from 'double' to 'float', possible loss of data
C:\GameDevStuff\NewEngine\NewEngine\Main.cpp(361,27): warning C4244: 'initializing': conversion from 'double' to 'float', possible loss of data
C:\GameDevStuff\NewEngine\NewEngine\Main.cpp(394,22): warning C4244: '=': conversion from 'double' to 'float', possible loss of data
C:\GameDevStuff\NewEngine\NewEngine\Main.cpp(396,14): warning C4244: '+=': conversion from 'double' to 'float', possible loss of data
C:\GameDevStuff\NewEngine\NewEngine\Main.cpp(403,22): warning C4244: '=': conversion from 'double' to 'float', possible loss of data
C:\GameDevStuff\NewEngine\NewEngine\Main.cpp(405,14): warning C4244: '-=': conversion from 'double' to 'float', possible loss of data
C:\GameDevStuff\NewEngine\NewEngine\Main.cpp(479,11): warning C4244: '=': conversion from 'double' to 'float', possible loss of data
C:\GameDevStuff\NewEngine\NewEngine\Main.cpp(480,11): warning C4244: '=': conversion from 'double' to 'float', possible loss of data
C:\GameDevStuff\NewEngine\NewEngine\Main.cpp(483,16): warning C4244: 'initializing': conversion from 'double' to 'float', possible loss of data
C:\GameDevStuff\NewEngine\NewEngine\Main.cpp(484,16): warning C4244: 'initializing': conversion from 'double' to 'float', possible loss of data
C:\GameDevStuff\NewEngine\NewEngine\Main.cpp(485,10): warning C4244: '=': conversion from 'double' to 'float', possible loss of data
C:\GameDevStuff\NewEngine\NewEngine\Main.cpp(486,10): warning C4244: '=': conversion from 'double' to 'float', possible loss of data
C:\GameDevStuff\NewEngine\NewEngine\Main.cpp(651,15): warning C4244: 'initializing': conversion from 'double' to 'float', possible loss of data
C:\GameDevStuff\NewEngine\NewEngine\Main.cpp(652,16): warning C4244: 'initializing': conversion from 'double' to 'float', possible loss of data
C:\GameDevStuff\NewEngine\NewEngine\Main.cpp(669,24): warning C4244: '-=': conversion from 'double' to 'float', possible loss of data
  stb_image.cpp
  Generating code
  2276 of 2291 functions (99.3%) were compiled, the rest were copied from previous compilation.
    46 functions were new in current compilation
    2 functions had inline decision re-evaluated but remain unchanged
  Finished generating code
  NewEngine.vcxproj -> C:\GameDevStuff\NewEngine\x64\Release\NewEngine.exe
